<?xml version="1.0" encoding="UTF-8"?>
<!-- Generated by org.testng.reporters.JUnitReportReporter -->
<testsuite hostname="Velu" failures="0" tests="1" name="org.execution.TC03_ADactinHotelSelectPageValidation" time="0.168" errors="0" timestamp="2025-02-05T11:57:03 IST" skipped="0">
  <testcase classname="org.execution.TC03_ADactinHotelSelectPageValidation" name="Tc03_ADactinHotelSelectPageValidation" time="0.168"/>
  <system-out/>
</testsuite> <!-- org.execution.TC03_ADactinHotelSelectPageValidation -->
