<?xml version="1.0" encoding="UTF-8"?>
<!-- Generated by org.testng.reporters.JUnitReportReporter -->
<testsuite hostname="Velu" failures="0" tests="1" name="org.execution.TC01_ADactinHotelLoginPageValidation" time="0.073" errors="0" timestamp="2025-02-05T11:57:03 IST" skipped="0">
  <testcase classname="org.execution.TC01_ADactinHotelLoginPageValidation" name="LoginSuccessFulValidation" time="0.073"/>
  <system-out/>
</testsuite> <!-- org.execution.TC01_ADactinHotelLoginPageValidation -->
