<?xml version="1.0" encoding="UTF-8"?>
<!-- Generated by org.testng.reporters.JUnitReportReporter -->
<testsuite hostname="Velu" failures="0" tests="1" name="org.execution.TC02_ADactinHotelSearchHotelPageValidation" time="0.059" errors="0" timestamp="2025-02-05T11:57:03 IST" skipped="0">
  <testcase classname="org.execution.TC02_ADactinHotelSearchHotelPageValidation" name="TC02_ADactinHotelSearchHotelPageValidation" time="0.059"/>
  <system-out/>
</testsuite> <!-- org.execution.TC02_ADactinHotelSearchHotelPageValidation -->
