<?xml version="1.0" encoding="UTF-8"?>
<!-- Generated by org.testng.reporters.JUnitReportReporter -->
<testsuite hostname="Velu" failures="0" tests="13" name="org.execution.TestScript" time="0.074" errors="0" timestamp="2025-02-04T12:02:02 IST" skipped="1">
  <testcase classname="org.execution.TestScript" name="tc04" time="0.023"/>
  <system-out/>
  <testcase classname="org.execution.TestScript" name="tc02" time="0.005"/>
  <system-out/>
  <testcase classname="org.execution.TestScript" name="tc01" time="0.018"/>
  <system-out/>
  <testcase classname="org.execution.TestScript" name="tc01" time="0.001"/>
  <system-out/>
  <testcase classname="org.execution.TestScript" name="tc01" time="0.001"/>
  <system-out/>
  <testcase classname="org.execution.TestScript" name="tc01" time="0.002"/>
  <system-out/>
  <testcase classname="org.execution.TestScript" name="tc01" time="0.004"/>
  <system-out/>
  <testcase classname="org.execution.TestScript" name="tc01" time="0.003"/>
  <system-out/>
  <testcase classname="org.execution.TestScript" name="tc01" time="0.003"/>
  <system-out/>
  <testcase classname="org.execution.TestScript" name="tc01" time="0.003"/>
  <system-out/>
  <testcase classname="org.execution.TestScript" name="tc01" time="0.006"/>
  <system-out/>
  <testcase classname="org.execution.TestScript" name="tc01" time="0.005"/>
  <system-out/>
  <testcase classname="org.execution.TestScript" name="tc03">
    <skipped/>
  </testcase> <!-- tc03 -->
  <system-out/>
</testsuite> <!-- org.execution.TestScript -->
